# JRE version: OpenJDK Runtime Environment (18.0.2.1+1) (build 18.0.2.1+1-1)
# Java VM: OpenJDK 64-Bit Server VM (18.0.2.1+1-1, mixed mode, sharing, tiered, compressed oops, compressed class ptrs, g1 gc, windows-amd64)
GC Precious Log:
 CardTable entry size: 512
 Card Set container configuration: InlinePtr #cards 5 size 8 Array Of Cards #cards 12 size 40 Howl #buckets 4 coarsen threshold 1843 Howl Bitmap #cards 512 size 80 coarsen threshold 460 Card regions per heap region 1 cards per card region 2048
 CPUs: 12 total, 12 available
 Memory: 6005M
 Large Page Support: Disabled
 NUMA Support: Disabled
 Compressed Oops: Enabled (32-bit)
 Heap Region Size: 1M
 Heap Min Capacity: 8M
 Heap Initial Capacity: 94M
 Heap Max Capacity: 1502M
 Pre-touch: Disabled
 Parallel Workers: 10
 Concurrent Workers: 3
 Concurrent Refinement Workers: 10
 Periodic GC: Disabled
Heap:
 garbage-first heap   total 188416K, used 132509K [0x00000000a2200000, 0x0000000100000000)
  region size 1024K, 44 young (45056K), 3 survivors (3072K)
 Metaspace       used 67485K, committed 68352K, reserved 1114112K
  class space    used 7497K, committed 7936K, reserved 1048576K
GC Heap History (20 events):
Event: 30.553 GC heap before
{Heap before GC invocations=19 (full 0):
 garbage-first heap   total 101376K, used 56873K [0x00000000a2200000, 0x0000000100000000)
  region size 1024K, 12 young (12288K), 1 survivors (1024K)
 Metaspace       used 51101K, committed 51904K, reserved 1114112K
  class space    used 6129K, committed 6528K, reserved 1048576K
}
Event: 30.561 GC heap after
{Heap after GC invocations=20 (full 0):
 garbage-first heap   total 101376K, used 47675K [0x00000000a2200000, 0x0000000100000000)
  region size 1024K, 2 young (2048K), 2 survivors (2048K)
 Metaspace       used 51101K, committed 51904K, reserved 1114112K
  class space    used 6129K, committed 6528K, reserved 1048576K
}
Event: 31.163 GC heap before
{Heap before GC invocations=20 (full 0):
 garbage-first heap   total 101376K, used 76347K [0x00000000a2200000, 0x0000000100000000)
  region size 1024K, 30 young (30720K), 2 survivors (2048K)
 Metaspace       used 51283K, committed 52032K, reserved 1114112K
  class space    used 6133K, committed 6528K, reserved 1048576K
}
Event: 31.189 GC heap after
{Heap after GC invocations=21 (full 0):
 garbage-first heap   total 189440K, used 52833K [0x00000000a2200000, 0x0000000100000000)
  region size 1024K, 4 young (4096K), 4 survivors (4096K)
 Metaspace       used 51283K, committed 52032K, reserved 1114112K
  class space    used 6133K, committed 6528K, reserved 1048576K
}
Event: 47.305 GC heap before
{Heap before GC invocations=22 (full 0):
 garbage-first heap   total 188416K, used 100961K [0x00000000a2200000, 0x0000000100000000)
  region size 1024K, 51 young (52224K), 4 survivors (4096K)
 Metaspace       used 52555K, committed 53376K, reserved 1114112K
  class space    used 6291K, committed 6720K, reserved 1048576K
}
Event: 47.360 GC heap after
{Heap after GC invocations=23 (full 0):
 garbage-first heap   total 188416K, used 61009K [0x00000000a2200000, 0x0000000100000000)
  region size 1024K, 7 young (7168K), 7 survivors (7168K)
 Metaspace       used 52555K, committed 53376K, reserved 1114112K
  class space    used 6291K, committed 6720K, reserved 1048576K
}
Event: 47.434 GC heap before
{Heap before GC invocations=23 (full 0):
 garbage-first heap   total 188416K, used 63057K [0x00000000a2200000, 0x0000000100000000)
  region size 1024K, 9 young (9216K), 7 survivors (7168K)
 Metaspace       used 52569K, committed 53376K, reserved 1114112K
  class space    used 6291K, committed 6720K, reserved 1048576K
}
Event: 47.603 GC heap after
{Heap after GC invocations=24 (full 0):
 garbage-first heap   total 188416K, used 61365K [0x00000000a2200000, 0x0000000100000000)
  region size 1024K, 1 young (1024K), 1 survivors (1024K)
 Metaspace       used 52569K, committed 53376K, reserved 1114112K
  class space    used 6291K, committed 6720K, reserved 1048576K
}
Event: 48.843 GC heap before
{Heap before GC invocations=24 (full 0):
 garbage-first heap   total 188416K, used 102325K [0x00000000a2200000, 0x0000000100000000)
  region size 1024K, 41 young (41984K), 1 survivors (1024K)
 Metaspace       used 53086K, committed 53824K, reserved 1114112K
  class space    used 6330K, committed 6720K, reserved 1048576K
}
Event: 48.862 GC heap after
{Heap after GC invocations=25 (full 0):
 garbage-first heap   total 188416K, used 64974K [0x00000000a2200000, 0x0000000100000000)
  region size 1024K, 5 young (5120K), 5 survivors (5120K)
 Metaspace       used 53086K, committed 53824K, reserved 1114112K
  class space    used 6330K, committed 6720K, reserved 1048576K
}
Event: 49.622 GC heap before
{Heap before GC invocations=25 (full 0):
 garbage-first heap   total 188416K, used 111054K [0x00000000a2200000, 0x0000000100000000)
  region size 1024K, 50 young (51200K), 5 survivors (5120K)
 Metaspace       used 53930K, committed 54720K, reserved 1114112K
  class space    used 6410K, committed 6848K, reserved 1048576K
}
Event: 49.635 GC heap after
{Heap after GC invocations=26 (full 0):
 garbage-first heap   total 188416K, used 66840K [0x00000000a2200000, 0x0000000100000000)
  region size 1024K, 2 young (2048K), 2 survivors (2048K)
 Metaspace       used 53930K, committed 54720K, reserved 1114112K
  class space    used 6410K, committed 6848K, reserved 1048576K
}
Event: 67.698 GC heap before
{Heap before GC invocations=26 (full 0):
 garbage-first heap   total 188416K, used 139544K [0x00000000a2200000, 0x0000000100000000)
  region size 1024K, 72 young (73728K), 2 survivors (2048K)
 Metaspace       used 59378K, committed 60160K, reserved 1114112K
  class space    used 6890K, committed 7296K, reserved 1048576K
}
Event: 67.745 GC heap after
{Heap after GC invocations=27 (full 0):
 garbage-first heap   total 188416K, used 75546K [0x00000000a2200000, 0x0000000100000000)
  region size 1024K, 9 young (9216K), 9 survivors (9216K)
 Metaspace       used 59378K, committed 60160K, reserved 1114112K
  class space    used 6890K, committed 7296K, reserved 1048576K
}
Event: 80.310 GC heap before
{Heap before GC invocations=27 (full 0):
 garbage-first heap   total 188416K, used 142106K [0x00000000a2200000, 0x0000000100000000)
  region size 1024K, 72 young (73728K), 9 survivors (9216K)
 Metaspace       used 60404K, committed 61248K, reserved 1114112K
  class space    used 6937K, committed 7360K, reserved 1048576K
}
Event: 80.369 GC heap after
{Heap after GC invocations=28 (full 0):
 garbage-first heap   total 188416K, used 83608K [0x00000000a2200000, 0x0000000100000000)
  region size 1024K, 6 young (6144K), 6 survivors (6144K)
 Metaspace       used 60404K, committed 61248K, reserved 1114112K
  class space    used 6937K, committed 7360K, reserved 1048576K
}
Event: 97.184 GC heap before
{Heap before GC invocations=28 (full 0):
 garbage-first heap   total 188416K, used 145048K [0x00000000a2200000, 0x0000000100000000)
  region size 1024K, 66 young (67584K), 6 survivors (6144K)
 Metaspace       used 61048K, committed 61824K, reserved 1114112K
  class space    used 6946K, committed 7360K, reserved 1048576K
}
Event: 97.209 GC heap after
{Heap after GC invocations=29 (full 0):
 garbage-first heap   total 188416K, used 89697K [0x00000000a2200000, 0x0000000100000000)
  region size 1024K, 6 young (6144K), 6 survivors (6144K)
 Metaspace       used 61048K, committed 61824K, reserved 1114112K
  class space    used 6946K, committed 7360K, reserved 1048576K
}
Event: 106.016 GC heap before
{Heap before GC invocations=29 (full 0):
 garbage-first heap   total 188416K, used 149089K [0x00000000a2200000, 0x0000000100000000)
  region size 1024K, 64 young (65536K), 6 survivors (6144K)
 Metaspace       used 62966K, committed 63744K, reserved 1114112K
  class space    used 7102K, committed 7488K, reserved 1048576K
}
Event: 106.037 GC heap after
{Heap after GC invocations=30 (full 0):
 garbage-first heap   total 188416K, used 91549K [0x00000000a2200000, 0x0000000100000000)
  region size 1024K, 3 young (3072K), 3 survivors (3072K)
 Metaspace       used 62966K, committed 63744K, reserved 1114112K
  class space    used 7102K, committed 7488K, reserved 1048576K
}

