# JRE version: OpenJDK Runtime Environment (18.0.2.1+1) (build 18.0.2.1+1-1)
# Java VM: OpenJDK 64-Bit Server VM (18.0.2.1+1-1, mixed mode, sharing, tiered, compressed oops, compressed class ptrs, g1 gc, windows-amd64)
GC Precious Log:
 CardTable entry size: 512
 Card Set container configuration: InlinePtr #cards 5 size 8 Array Of Cards #cards 12 size 40 Howl #buckets 4 coarsen threshold 1843 Howl Bitmap #cards 512 size 80 coarsen threshold 460 Card regions per heap region 1 cards per card region 2048
 CPUs: 12 total, 12 available
 Memory: 6005M
 Large Page Support: Disabled
 NUMA Support: Disabled
 Compressed Oops: Enabled (32-bit)
 Heap Region Size: 1M
 Heap Min Capacity: 8M
 Heap Initial Capacity: 94M
 Heap Max Capacity: 1502M
 Pre-touch: Disabled
 Parallel Workers: 10
 Concurrent Workers: 3
 Concurrent Refinement Workers: 10
 Periodic GC: Disabled
Heap:
 garbage-first heap   total 359424K, used 177477K [0x00000000a2200000, 0x0000000100000000)
  region size 1024K, 108 young (110592K), 18 survivors (18432K)
 Metaspace       used 63121K, committed 63872K, reserved 1114112K
  class space    used 7095K, committed 7488K, reserved 1048576K
GC Heap History (20 events):
Event: 10.325 GC heap before
{Heap before GC invocations=12 (full 0):
 garbage-first heap   total 90112K, used 68954K [0x00000000a2200000, 0x0000000100000000)
  region size 1024K, 28 young (28672K), 3 survivors (3072K)
 Metaspace       used 51230K, committed 52032K, reserved 1114112K
  class space    used 6135K, committed 6528K, reserved 1048576K
}
Event: 10.343 GC heap after
{Heap after GC invocations=13 (full 0):
 garbage-first heap   total 90112K, used 47774K [0x00000000a2200000, 0x0000000100000000)
  region size 1024K, 4 young (4096K), 4 survivors (4096K)
 Metaspace       used 51230K, committed 52032K, reserved 1114112K
  class space    used 6135K, committed 6528K, reserved 1048576K
}
Event: 10.747 GC heap before
{Heap before GC invocations=14 (full 0):
 garbage-first heap   total 90112K, used 70302K [0x00000000a2200000, 0x0000000100000000)
  region size 1024K, 26 young (26624K), 4 survivors (4096K)
 Metaspace       used 51353K, committed 52160K, reserved 1114112K
  class space    used 6139K, committed 6528K, reserved 1048576K
}
Event: 10.763 GC heap after
{Heap after GC invocations=15 (full 0):
 garbage-first heap   total 90112K, used 52035K [0x00000000a2200000, 0x0000000100000000)
  region size 1024K, 4 young (4096K), 4 survivors (4096K)
 Metaspace       used 51353K, committed 52160K, reserved 1114112K
  class space    used 6139K, committed 6528K, reserved 1048576K
}
Event: 10.773 GC heap before
{Heap before GC invocations=15 (full 0):
 garbage-first heap   total 90112K, used 53059K [0x00000000a2200000, 0x0000000100000000)
  region size 1024K, 5 young (5120K), 4 survivors (4096K)
 Metaspace       used 51354K, committed 52160K, reserved 1114112K
  class space    used 6139K, committed 6528K, reserved 1048576K
}
Event: 10.783 GC heap after
{Heap after GC invocations=16 (full 0):
 garbage-first heap   total 108544K, used 52217K [0x00000000a2200000, 0x0000000100000000)
  region size 1024K, 1 young (1024K), 1 survivors (1024K)
 Metaspace       used 51354K, committed 52160K, reserved 1114112K
  class space    used 6139K, committed 6528K, reserved 1048576K
}
Event: 11.378 GC heap before
{Heap before GC invocations=16 (full 0):
 garbage-first heap   total 108544K, used 82937K [0x00000000a2200000, 0x0000000100000000)
  region size 1024K, 31 young (31744K), 1 survivors (1024K)
 Metaspace       used 52040K, committed 52864K, reserved 1114112K
  class space    used 6222K, committed 6656K, reserved 1048576K
}
Event: 11.391 GC heap after
{Heap after GC invocations=17 (full 0):
 garbage-first heap   total 108544K, used 57178K [0x00000000a2200000, 0x0000000100000000)
  region size 1024K, 4 young (4096K), 4 survivors (4096K)
 Metaspace       used 52040K, committed 52864K, reserved 1114112K
  class space    used 6222K, committed 6656K, reserved 1048576K
}
Event: 11.742 GC heap before
{Heap before GC invocations=18 (full 0):
 garbage-first heap   total 108544K, used 84826K [0x00000000a2200000, 0x0000000100000000)
  region size 1024K, 31 young (31744K), 4 survivors (4096K)
 Metaspace       used 52723K, committed 53504K, reserved 1114112K
  class space    used 6298K, committed 6720K, reserved 1048576K
}
Event: 11.757 GC heap after
{Heap after GC invocations=19 (full 0):
 garbage-first heap   total 108544K, used 61900K [0x00000000a2200000, 0x0000000100000000)
  region size 1024K, 4 young (4096K), 4 survivors (4096K)
 Metaspace       used 52723K, committed 53504K, reserved 1114112K
  class space    used 6298K, committed 6720K, reserved 1048576K
}
Event: 11.765 GC heap before
{Heap before GC invocations=19 (full 0):
 garbage-first heap   total 108544K, used 62924K [0x00000000a2200000, 0x0000000100000000)
  region size 1024K, 5 young (5120K), 4 survivors (4096K)
 Metaspace       used 52723K, committed 53504K, reserved 1114112K
  class space    used 6298K, committed 6720K, reserved 1048576K
}
Event: 11.771 GC heap after
{Heap after GC invocations=20 (full 0):
 garbage-first heap   total 108544K, used 62973K [0x00000000a2200000, 0x0000000100000000)
  region size 1024K, 1 young (1024K), 1 survivors (1024K)
 Metaspace       used 52723K, committed 53504K, reserved 1114112K
  class space    used 6298K, committed 6720K, reserved 1048576K
}
Event: 12.065 GC heap before
{Heap before GC invocations=20 (full 0):
 garbage-first heap   total 108544K, used 85501K [0x00000000a2200000, 0x0000000100000000)
  region size 1024K, 23 young (23552K), 1 survivors (1024K)
 Metaspace       used 52929K, committed 53696K, reserved 1114112K
  class space    used 6314K, committed 6720K, reserved 1048576K
}
Event: 12.074 GC heap after
{Heap after GC invocations=21 (full 0):
 garbage-first heap   total 108544K, used 66407K [0x00000000a2200000, 0x0000000100000000)
  region size 1024K, 3 young (3072K), 3 survivors (3072K)
 Metaspace       used 52929K, committed 53696K, reserved 1114112K
  class space    used 6314K, committed 6720K, reserved 1048576K
}
Event: 12.251 GC heap before
{Heap before GC invocations=22 (full 0):
 garbage-first heap   total 124928K, used 86887K [0x00000000a2200000, 0x0000000100000000)
  region size 1024K, 23 young (23552K), 3 survivors (3072K)
 Metaspace       used 53238K, committed 54016K, reserved 1114112K
  class space    used 6336K, committed 6720K, reserved 1048576K
}
Event: 12.258 GC heap after
{Heap after GC invocations=23 (full 0):
 garbage-first heap   total 124928K, used 67224K [0x00000000a2200000, 0x0000000100000000)
  region size 1024K, 1 young (1024K), 1 survivors (1024K)
 Metaspace       used 53238K, committed 54016K, reserved 1114112K
  class space    used 6336K, committed 6720K, reserved 1048576K
}
Event: 12.282 GC heap before
{Heap before GC invocations=23 (full 0):
 garbage-first heap   total 124928K, used 72344K [0x00000000a2200000, 0x0000000100000000)
  region size 1024K, 6 young (6144K), 1 survivors (1024K)
 Metaspace       used 53257K, committed 54016K, reserved 1114112K
  class space    used 6337K, committed 6720K, reserved 1048576K
}
Event: 12.286 GC heap after
{Heap after GC invocations=24 (full 0):
 garbage-first heap   total 359424K, used 66703K [0x00000000a2200000, 0x0000000100000000)
  region size 1024K, 1 young (1024K), 1 survivors (1024K)
 Metaspace       used 53257K, committed 54016K, reserved 1114112K
  class space    used 6337K, committed 6720K, reserved 1048576K
}
Event: 18.873 GC heap before
{Heap before GC invocations=24 (full 0):
 garbage-first heap   total 359424K, used 266383K [0x00000000a2200000, 0x0000000100000000)
  region size 1024K, 194 young (198656K), 1 survivors (1024K)
 Metaspace       used 60879K, committed 61696K, reserved 1114112K
  class space    used 6944K, committed 7360K, reserved 1048576K
}
Event: 18.894 GC heap after
{Heap after GC invocations=25 (full 0):
 garbage-first heap   total 359424K, used 86341K [0x00000000a2200000, 0x0000000100000000)
  region size 1024K, 18 young (18432K), 18 survivors (18432K)
 Metaspace       used 60879K, committed 61696K, reserved 1114112K
  class space    used 6944K, committed 7360K, reserved 1048576K
}

