# JRE version: OpenJDK Runtime Environment (18.0.2.1+1) (build 18.0.2.1+1-1)
# Java VM: OpenJDK 64-Bit Server VM (18.0.2.1+1-1, mixed mode, sharing, tiered, compressed oops, compressed class ptrs, g1 gc, windows-amd64)
GC Precious Log:
 CardTable entry size: 512
 Card Set container configuration: InlinePtr #cards 5 size 8 Array Of Cards #cards 12 size 40 Howl #buckets 4 coarsen threshold 1843 Howl Bitmap #cards 512 size 80 coarsen threshold 460 Card regions per heap region 1 cards per card region 2048
 CPUs: 12 total, 12 available
 Memory: 6005M
 Large Page Support: Disabled
 NUMA Support: Disabled
 Compressed Oops: Enabled (32-bit)
 Heap Region Size: 1M
 Heap Min Capacity: 8M
 Heap Initial Capacity: 94M
 Heap Max Capacity: 1502M
 Pre-touch: Disabled
 Parallel Workers: 10
 Concurrent Workers: 3
 Concurrent Refinement Workers: 10
 Periodic GC: Disabled
Heap:
 garbage-first heap   total 283648K, used 111801K [0x00000000a2200000, 0x0000000100000000)
  region size 1024K, 17 young (17408K), 1 survivors (1024K)
 Metaspace       used 67708K, committed 68544K, reserved 1114112K
  class space    used 7518K, committed 7936K, reserved 1048576K
GC Heap History (20 events):
Event: 39.790 GC heap before
{Heap before GC invocations=19 (full 0):
 garbage-first heap   total 112640K, used 66566K [0x00000000a2200000, 0x0000000100000000)
  region size 1024K, 5 young (5120K), 4 survivors (4096K)
 Metaspace       used 52760K, committed 53568K, reserved 1114112K
  class space    used 6304K, committed 6720K, reserved 1048576K
}
Event: 39.801 GC heap after
{Heap after GC invocations=20 (full 0):
 garbage-first heap   total 112640K, used 66252K [0x00000000a2200000, 0x0000000100000000)
  region size 1024K, 1 young (1024K), 1 survivors (1024K)
 Metaspace       used 52760K, committed 53568K, reserved 1114112K
  class space    used 6304K, committed 6720K, reserved 1048576K
}
Event: 40.166 GC heap before
{Heap before GC invocations=20 (full 0):
 garbage-first heap   total 112640K, used 89804K [0x00000000a2200000, 0x0000000100000000)
  region size 1024K, 24 young (24576K), 1 survivors (1024K)
 Metaspace       used 53215K, committed 54016K, reserved 1114112K
  class space    used 6339K, committed 6784K, reserved 1048576K
}
Event: 40.171 GC heap after
{Heap after GC invocations=21 (full 0):
 garbage-first heap   total 112640K, used 67157K [0x00000000a2200000, 0x0000000100000000)
  region size 1024K, 2 young (2048K), 2 survivors (2048K)
 Metaspace       used 53215K, committed 54016K, reserved 1114112K
  class space    used 6339K, committed 6784K, reserved 1048576K
}
Event: 40.288 GC heap before
{Heap before GC invocations=22 (full 0):
 garbage-first heap   total 132096K, used 90709K [0x00000000a2200000, 0x0000000100000000)
  region size 1024K, 25 young (25600K), 2 survivors (2048K)
 Metaspace       used 53256K, committed 54080K, reserved 1114112K
  class space    used 6341K, committed 6784K, reserved 1048576K
}
Event: 40.294 GC heap after
{Heap after GC invocations=23 (full 0):
 garbage-first heap   total 132096K, used 67444K [0x00000000a2200000, 0x0000000100000000)
  region size 1024K, 2 young (2048K), 2 survivors (2048K)
 Metaspace       used 53256K, committed 54080K, reserved 1114112K
  class space    used 6341K, committed 6784K, reserved 1048576K
}
Event: 40.319 GC heap before
{Heap before GC invocations=23 (full 0):
 garbage-first heap   total 132096K, used 71540K [0x00000000a2200000, 0x0000000100000000)
  region size 1024K, 6 young (6144K), 2 survivors (2048K)
 Metaspace       used 53293K, committed 54144K, reserved 1114112K
  class space    used 6342K, committed 6784K, reserved 1048576K
}
Event: 40.332 GC heap after
{Heap after GC invocations=24 (full 0):
 garbage-first heap   total 283648K, used 67255K [0x00000000a2200000, 0x0000000100000000)
  region size 1024K, 1 young (1024K), 1 survivors (1024K)
 Metaspace       used 53293K, committed 54144K, reserved 1114112K
  class space    used 6342K, committed 6784K, reserved 1048576K
}
Event: 56.671 GC heap before
{Heap before GC invocations=24 (full 0):
 garbage-first heap   total 283648K, used 209591K [0x00000000a2200000, 0x0000000100000000)
  region size 1024K, 138 young (141312K), 1 survivors (1024K)
 Metaspace       used 60454K, committed 61312K, reserved 1114112K
  class space    used 6943K, committed 7360K, reserved 1048576K
}
Event: 56.775 GC heap after
{Heap after GC invocations=25 (full 0):
 garbage-first heap   total 283648K, used 82640K [0x00000000a2200000, 0x0000000100000000)
  region size 1024K, 14 young (14336K), 14 survivors (14336K)
 Metaspace       used 60454K, committed 61312K, reserved 1114112K
  class space    used 6943K, committed 7360K, reserved 1048576K
}
Event: 69.901 GC heap before
{Heap before GC invocations=25 (full 0):
 garbage-first heap   total 283648K, used 200400K [0x00000000a2200000, 0x0000000100000000)
  region size 1024K, 129 young (132096K), 14 survivors (14336K)
 Metaspace       used 61808K, committed 62656K, reserved 1114112K
  class space    used 6997K, committed 7424K, reserved 1048576K
}
Event: 73.508 GC heap after
{Heap after GC invocations=26 (full 0):
 garbage-first heap   total 283648K, used 90992K [0x00000000a2200000, 0x0000000100000000)
  region size 1024K, 9 young (9216K), 9 survivors (9216K)
 Metaspace       used 61808K, committed 62656K, reserved 1114112K
  class space    used 6997K, committed 7424K, reserved 1048576K
}
Event: 74.600 GC heap before
{Heap before GC invocations=26 (full 0):
 garbage-first heap   total 283648K, used 95088K [0x00000000a2200000, 0x0000000100000000)
  region size 1024K, 13 young (13312K), 9 survivors (9216K)
 Metaspace       used 61963K, committed 62784K, reserved 1114112K
  class space    used 7003K, committed 7424K, reserved 1048576K
}
Event: 74.611 GC heap after
{Heap after GC invocations=27 (full 0):
 garbage-first heap   total 283648K, used 92613K [0x00000000a2200000, 0x0000000100000000)
  region size 1024K, 2 young (2048K), 2 survivors (2048K)
 Metaspace       used 61963K, committed 62784K, reserved 1114112K
  class space    used 7003K, committed 7424K, reserved 1048576K
}
Event: 75.060 GC heap before
{Heap before GC invocations=27 (full 0):
 garbage-first heap   total 283648K, used 103877K [0x00000000a2200000, 0x0000000100000000)
  region size 1024K, 13 young (13312K), 2 survivors (2048K)
 Metaspace       used 63057K, committed 63872K, reserved 1114112K
  class space    used 7114K, committed 7552K, reserved 1048576K
}
Event: 75.061 GC heap after
{Heap after GC invocations=28 (full 0):
 garbage-first heap   total 283648K, used 91887K [0x00000000a2200000, 0x0000000100000000)
  region size 1024K, 1 young (1024K), 1 survivors (1024K)
 Metaspace       used 63057K, committed 63872K, reserved 1114112K
  class space    used 7114K, committed 7552K, reserved 1048576K
}
Event: 75.480 GC heap before
{Heap before GC invocations=28 (full 0):
 garbage-first heap   total 283648K, used 106223K [0x00000000a2200000, 0x0000000100000000)
  region size 1024K, 16 young (16384K), 1 survivors (1024K)
 Metaspace       used 66387K, committed 67264K, reserved 1114112K
  class space    used 7437K, committed 7872K, reserved 1048576K
}
Event: 75.482 GC heap after
{Heap after GC invocations=29 (full 0):
 garbage-first heap   total 283648K, used 92657K [0x00000000a2200000, 0x0000000100000000)
  region size 1024K, 2 young (2048K), 2 survivors (2048K)
 Metaspace       used 66387K, committed 67264K, reserved 1114112K
  class space    used 7437K, committed 7872K, reserved 1048576K
}
Event: 75.815 GC heap before
{Heap before GC invocations=29 (full 0):
 garbage-first heap   total 283648K, used 114161K [0x00000000a2200000, 0x0000000100000000)
  region size 1024K, 23 young (23552K), 2 survivors (2048K)
 Metaspace       used 67340K, committed 68224K, reserved 1114112K
  class space    used 7484K, committed 7936K, reserved 1048576K
}
Event: 75.824 GC heap after
{Heap after GC invocations=30 (full 0):
 garbage-first heap   total 283648K, used 95417K [0x00000000a2200000, 0x0000000100000000)
  region size 1024K, 3 young (3072K), 3 survivors (3072K)
 Metaspace       used 67340K, committed 68224K, reserved 1114112K
  class space    used 7484K, committed 7936K, reserved 1048576K
}

